This is pdfTeX, Version 3.1415926-1.40.10 (MiKTeX 2.8) (preloaded format=pdflatex 2009.10.29)  23 DEC 2011 23:37
entering extended mode
**divispe2-thesis-2012.tex
("C:\Dokumenty\diplomka\pøípravný projekt\divispe2-thesis-2012.tex"
LaTeX2e <2005/12/01>
Babel <v3.8l> and hyphenation patterns for english, dumylang, nohyphenation, ge
rman, ngerman, german-x-2009-06-19, ngerman-x-2009-06-19, french, loaded.
("C:\Program Files (x86)\MiKTeX 2.8\tex\latex\base\book.cls"
Document Class: book 2005/09/16 v1.4f Standard LaTeX document class
("C:\Program Files (x86)\MiKTeX 2.8\tex\latex\base\bk11.clo"
File: bk11.clo 2005/09/16 v1.4f Standard LaTeX file (size option)
)
\c@part=\count79
\c@chapter=\count80
\c@section=\count81
\c@subsection=\count82
\c@subsubsection=\count83
\c@paragraph=\count84
\c@subparagraph=\count85
\c@figure=\count86
\c@table=\count87
\abovecaptionskip=\skip41
\belowcaptionskip=\skip42
\bibindent=\dimen102
)
("C:\Program Files (x86)\MiKTeX 2.8\tex\generic\babel\babel.sty"
Package: babel 2008/07/06 v3.8l The Babel package

*************************************
* Local config file bblopts.cfg used
*
("C:\Program Files (x86)\MiKTeX 2.8\tex\latex\00miktex\bblopts.cfg"
File: bblopts.cfg 2006/07/31 v1.0 MiKTeX 'babel' configuration
)
("C:\Program Files (x86)\MiKTeX 2.8\tex\generic\babel\czech.ldf"
Language: czech 2008/07/06 v3.1a Czech support from the babel system

("C:\Program Files (x86)\MiKTeX 2.8\tex\generic\babel\babel.def"
File: babel.def 2008/07/06 v3.8l Babel common definitions
\babel@savecnt=\count88
\U@D=\dimen103
)

Package babel Warning: No hyphenation patterns were loaded for
(babel)                the language `Czech'
(babel)                I will use the patterns loaded for \language=0 instead.

\l@czech = a dialect from \language0
Package babel Info: Making " an active character on input line 172.
\cs@wordlen=\count89
Package babel Info: Making - an active character on input line 226.
) ("C:\Program Files (x86)\MiKTeX 2.8\tex\generic\babel\english.ldf"
Language: english 2005/03/30 v3.3o English support from the babel system
\l@canadian = a dialect from \language\l@american 
\l@australian = a dialect from \language\l@british 
\l@newzealand = a dialect from \language\l@british 
))
("C:\Program Files (x86)\MiKTeX 2.8\tex\latex\base\fontenc.sty"
Package: fontenc 2005/09/27 v1.99g Standard LaTeX package

("C:\Program Files (x86)\MiKTeX 2.8\tex\latex\base\t1enc.def"
File: t1enc.def 2005/09/27 v1.99g Standard LaTeX file
LaTeX Font Info:    Redeclaring font encoding T1 on input line 43.
))
("C:\Program Files (x86)\MiKTeX 2.8\tex\latex\base\inputenc.sty"
Package: inputenc 2006/05/05 v1.1b Input encoding file
\inpenc@prehook=\toks14
\inpenc@posthook=\toks15

("C:\Program Files (x86)\MiKTeX 2.8\tex\latex\base\utf8.def"
File: utf8.def 2006/03/30 v1.1i UTF-8 support for inputenc
Now handling font encoding OML ...
... no UTF-8 mapping file for font encoding OML
Now handling font encoding T1 ...
... processing UTF-8 mapping file for font encodingT1

("C:\Program Files (x86)\MiKTeX 2.8\tex\latex\base\t1enc.dfu"
File: t1enc.dfu 2006/03/30 v1.1i UTF-8 support for inputenc
   defining Unicode char U+00A1 (decimal 161)
   defining Unicode char U+00A3 (decimal 163)
   defining Unicode char U+00AB (decimal 171)
   defining Unicode char U+00BB (decimal 187)
   defining Unicode char U+00BF (decimal 191)
   defining Unicode char U+00C0 (decimal 192)
   defining Unicode char U+00C1 (decimal 193)
   defining Unicode char U+00C2 (decimal 194)
   defining Unicode char U+00C3 (decimal 195)
   defining Unicode char U+00C4 (decimal 196)
   defining Unicode char U+00C5 (decimal 197)
   defining Unicode char U+00C6 (decimal 198)
   defining Unicode char U+00C7 (decimal 199)
   defining Unicode char U+00C8 (decimal 200)
   defining Unicode char U+00C9 (decimal 201)
   defining Unicode char U+00CA (decimal 202)
   defining Unicode char U+00CB (decimal 203)
   defining Unicode char U+00CC (decimal 204)
   defining Unicode char U+00CD (decimal 205)
   defining Unicode char U+00CE (decimal 206)
   defining Unicode char U+00CF (decimal 207)
   defining Unicode char U+00D0 (decimal 208)
   defining Unicode char U+00D1 (decimal 209)
   defining Unicode char U+00D2 (decimal 210)
   defining Unicode char U+00D3 (decimal 211)
   defining Unicode char U+00D4 (decimal 212)
   defining Unicode char U+00D5 (decimal 213)
   defining Unicode char U+00D6 (decimal 214)
   defining Unicode char U+00D8 (decimal 216)
   defining Unicode char U+00D9 (decimal 217)
   defining Unicode char U+00DA (decimal 218)
   defining Unicode char U+00DB (decimal 219)
   defining Unicode char U+00DC (decimal 220)
   defining Unicode char U+00DD (decimal 221)
   defining Unicode char U+00DE (decimal 222)
   defining Unicode char U+00DF (decimal 223)
   defining Unicode char U+00E0 (decimal 224)
   defining Unicode char U+00E1 (decimal 225)
   defining Unicode char U+00E2 (decimal 226)
   defining Unicode char U+00E3 (decimal 227)
   defining Unicode char U+00E4 (decimal 228)
   defining Unicode char U+00E5 (decimal 229)
   defining Unicode char U+00E6 (decimal 230)
   defining Unicode char U+00E7 (decimal 231)
   defining Unicode char U+00E8 (decimal 232)
   defining Unicode char U+00E9 (decimal 233)
   defining Unicode char U+00EA (decimal 234)
   defining Unicode char U+00EB (decimal 235)
   defining Unicode char U+00EC (decimal 236)
   defining Unicode char U+00ED (decimal 237)
   defining Unicode char U+00EE (decimal 238)
   defining Unicode char U+00EF (decimal 239)
   defining Unicode char U+00F0 (decimal 240)
   defining Unicode char U+00F1 (decimal 241)
   defining Unicode char U+00F2 (decimal 242)
   defining Unicode char U+00F3 (decimal 243)
   defining Unicode char U+00F4 (decimal 244)
   defining Unicode char U+00F5 (decimal 245)
   defining Unicode char U+00F6 (decimal 246)
   defining Unicode char U+00F8 (decimal 248)
   defining Unicode char U+00F9 (decimal 249)
   defining Unicode char U+00FA (decimal 250)
   defining Unicode char U+00FB (decimal 251)
   defining Unicode char U+00FC (decimal 252)
   defining Unicode char U+00FD (decimal 253)
   defining Unicode char U+00FE (decimal 254)
   defining Unicode char U+00FF (decimal 255)
   defining Unicode char U+0102 (decimal 258)
   defining Unicode char U+0103 (decimal 259)
   defining Unicode char U+0104 (decimal 260)
   defining Unicode char U+0105 (decimal 261)
   defining Unicode char U+0106 (decimal 262)
   defining Unicode char U+0107 (decimal 263)
   defining Unicode char U+010C (decimal 268)
   defining Unicode char U+010D (decimal 269)
   defining Unicode char U+010E (decimal 270)
   defining Unicode char U+010F (decimal 271)
   defining Unicode char U+0110 (decimal 272)
   defining Unicode char U+0111 (decimal 273)
   defining Unicode char U+0118 (decimal 280)
   defining Unicode char U+0119 (decimal 281)
   defining Unicode char U+011A (decimal 282)
   defining Unicode char U+011B (decimal 283)
   defining Unicode char U+011E (decimal 286)
   defining Unicode char U+011F (decimal 287)
   defining Unicode char U+0130 (decimal 304)
   defining Unicode char U+0131 (decimal 305)
   defining Unicode char U+0132 (decimal 306)
   defining Unicode char U+0133 (decimal 307)
   defining Unicode char U+0139 (decimal 313)
   defining Unicode char U+013A (decimal 314)
   defining Unicode char U+013D (decimal 317)
   defining Unicode char U+013E (decimal 318)
   defining Unicode char U+0141 (decimal 321)
   defining Unicode char U+0142 (decimal 322)
   defining Unicode char U+0143 (decimal 323)
   defining Unicode char U+0144 (decimal 324)
   defining Unicode char U+0147 (decimal 327)
   defining Unicode char U+0148 (decimal 328)
   defining Unicode char U+014A (decimal 330)
   defining Unicode char U+014B (decimal 331)
   defining Unicode char U+0150 (decimal 336)
   defining Unicode char U+0151 (decimal 337)
   defining Unicode char U+0152 (decimal 338)
   defining Unicode char U+0153 (decimal 339)
   defining Unicode char U+0154 (decimal 340)
   defining Unicode char U+0155 (decimal 341)
   defining Unicode char U+0158 (decimal 344)
   defining Unicode char U+0159 (decimal 345)
   defining Unicode char U+015A (decimal 346)
   defining Unicode char U+015B (decimal 347)
   defining Unicode char U+015E (decimal 350)
   defining Unicode char U+015F (decimal 351)
   defining Unicode char U+0160 (decimal 352)
   defining Unicode char U+0161 (decimal 353)
   defining Unicode char U+0162 (decimal 354)
   defining Unicode char U+0163 (decimal 355)
   defining Unicode char U+0164 (decimal 356)
   defining Unicode char U+0165 (decimal 357)
   defining Unicode char U+016E (decimal 366)
   defining Unicode char U+016F (decimal 367)
   defining Unicode char U+0170 (decimal 368)
   defining Unicode char U+0171 (decimal 369)
   defining Unicode char U+0178 (decimal 376)
   defining Unicode char U+0179 (decimal 377)
   defining Unicode char U+017A (decimal 378)
   defining Unicode char U+017B (decimal 379)
   defining Unicode char U+017C (decimal 380)
   defining Unicode char U+017D (decimal 381)
   defining Unicode char U+017E (decimal 382)
   defining Unicode char U+200C (decimal 8204)
   defining Unicode char U+2013 (decimal 8211)
   defining Unicode char U+2014 (decimal 8212)
   defining Unicode char U+2018 (decimal 8216)
   defining Unicode char U+2019 (decimal 8217)
   defining Unicode char U+201A (decimal 8218)
   defining Unicode char U+201C (decimal 8220)
   defining Unicode char U+201D (decimal 8221)
   defining Unicode char U+201E (decimal 8222)
   defining Unicode char U+2030 (decimal 8240)
   defining Unicode char U+2031 (decimal 8241)
   defining Unicode char U+2039 (decimal 8249)
   defining Unicode char U+203A (decimal 8250)
   defining Unicode char U+2423 (decimal 9251)
)
Now handling font encoding OT1 ...
... processing UTF-8 mapping file for font encodingOT1

("C:\Program Files (x86)\MiKTeX 2.8\tex\latex\base\ot1enc.dfu"
File: ot1enc.dfu 2006/03/30 v1.1i UTF-8 support for inputenc
   defining Unicode char U+00A1 (decimal 161)
   defining Unicode char U+00A3 (decimal 163)
   defining Unicode char U+00B8 (decimal 184)
   defining Unicode char U+00BF (decimal 191)
   defining Unicode char U+00C5 (decimal 197)
   defining Unicode char U+00C6 (decimal 198)
   defining Unicode char U+00D8 (decimal 216)
   defining Unicode char U+00DF (decimal 223)
   defining Unicode char U+00E6 (decimal 230)
   defining Unicode char U+00EC (decimal 236)
   defining Unicode char U+00ED (decimal 237)
   defining Unicode char U+00EE (decimal 238)
   defining Unicode char U+00EF (decimal 239)
   defining Unicode char U+00F8 (decimal 248)
   defining Unicode char U+0131 (decimal 305)
   defining Unicode char U+0141 (decimal 321)
   defining Unicode char U+0142 (decimal 322)
   defining Unicode char U+0152 (decimal 338)
   defining Unicode char U+0153 (decimal 339)
   defining Unicode char U+2013 (decimal 8211)
   defining Unicode char U+2014 (decimal 8212)
   defining Unicode char U+2018 (decimal 8216)
   defining Unicode char U+2019 (decimal 8217)
   defining Unicode char U+201C (decimal 8220)
   defining Unicode char U+201D (decimal 8221)
)
Now handling font encoding OMS ...
... processing UTF-8 mapping file for font encodingOMS

("C:\Program Files (x86)\MiKTeX 2.8\tex\latex\base\omsenc.dfu"
File: omsenc.dfu 2006/03/30 v1.1i UTF-8 support for inputenc
   defining Unicode char U+00A7 (decimal 167)
   defining Unicode char U+00B6 (decimal 182)
   defining Unicode char U+00B7 (decimal 183)
   defining Unicode char U+2020 (decimal 8224)
   defining Unicode char U+2021 (decimal 8225)
   defining Unicode char U+2022 (decimal 8226)
)
Now handling font encoding OMX ...
... no UTF-8 mapping file for font encoding OMX
Now handling font encoding U ...
... no UTF-8 mapping file for font encoding U
   defining Unicode char U+00A9 (decimal 169)
   defining Unicode char U+00AA (decimal 170)
   defining Unicode char U+00AE (decimal 174)
   defining Unicode char U+00BA (decimal 186)
   defining Unicode char U+02C6 (decimal 710)
   defining Unicode char U+02DC (decimal 732)
   defining Unicode char U+200C (decimal 8204)
   defining Unicode char U+2026 (decimal 8230)
   defining Unicode char U+2122 (decimal 8482)
   defining Unicode char U+2423 (decimal 9251)
))
("C:\Program Files (x86)\MiKTeX 2.8\tex\latex\lm\lmodern.sty"
Package: lmodern 2007/01/14 v1.3 Latin Modern Fonts
LaTeX Font Info:    Overwriting symbol font `operators' in version `normal'
(Font)                  OT1/cmr/m/n --> OT1/lmr/m/n on input line 13.
LaTeX Font Info:    Overwriting symbol font `letters' in version `normal'
(Font)                  OML/cmm/m/it --> OML/lmm/m/it on input line 14.
LaTeX Font Info:    Overwriting symbol font `symbols' in version `normal'
(Font)                  OMS/cmsy/m/n --> OMS/lmsy/m/n on input line 15.
LaTeX Font Info:    Overwriting symbol font `largesymbols' in version `normal'
(Font)                  OMX/cmex/m/n --> OMX/lmex/m/n on input line 16.
LaTeX Font Info:    Overwriting symbol font `operators' in version `bold'
(Font)                  OT1/cmr/bx/n --> OT1/lmr/bx/n on input line 17.
LaTeX Font Info:    Overwriting symbol font `letters' in version `bold'
(Font)                  OML/cmm/b/it --> OML/lmm/b/it on input line 18.
LaTeX Font Info:    Overwriting symbol font `symbols' in version `bold'
(Font)                  OMS/cmsy/b/n --> OMS/lmsy/b/n on input line 19.
LaTeX Font Info:    Overwriting symbol font `largesymbols' in version `bold'
(Font)                  OMX/cmex/m/n --> OMX/lmex/m/n on input line 20.
LaTeX Font Info:    Overwriting math alphabet `\mathbf' in version `normal'
(Font)                  OT1/cmr/bx/n --> OT1/lmr/bx/n on input line 22.
LaTeX Font Info:    Overwriting math alphabet `\mathsf' in version `normal'
(Font)                  OT1/cmss/m/n --> OT1/lmss/m/n on input line 23.
LaTeX Font Info:    Overwriting math alphabet `\mathit' in version `normal'
(Font)                  OT1/cmr/m/it --> OT1/lmr/m/it on input line 24.
LaTeX Font Info:    Overwriting math alphabet `\mathtt' in version `normal'
(Font)                  OT1/cmtt/m/n --> OT1/lmtt/m/n on input line 25.
LaTeX Font Info:    Overwriting math alphabet `\mathbf' in version `bold'
(Font)                  OT1/cmr/bx/n --> OT1/lmr/bx/n on input line 26.
LaTeX Font Info:    Overwriting math alphabet `\mathsf' in version `bold'
(Font)                  OT1/cmss/bx/n --> OT1/lmss/bx/n on input line 27.
LaTeX Font Info:    Overwriting math alphabet `\mathit' in version `bold'
(Font)                  OT1/cmr/bx/it --> OT1/lmr/bx/it on input line 28.
LaTeX Font Info:    Overwriting math alphabet `\mathtt' in version `bold'
(Font)                  OT1/cmtt/m/n --> OT1/lmtt/m/n on input line 29.
)
("C:\Program Files (x86)\MiKTeX 2.8\tex\latex\graphics\graphicx.sty"
Package: graphicx 1999/02/16 v1.0f Enhanced LaTeX Graphics (DPC,SPQR)

("C:\Program Files (x86)\MiKTeX 2.8\tex\latex\graphics\keyval.sty"
Package: keyval 1999/03/16 v1.13 key=value parser (DPC)
\KV@toks@=\toks16
)
("C:\Program Files (x86)\MiKTeX 2.8\tex\latex\graphics\graphics.sty"
Package: graphics 2006/02/20 v1.0o Standard LaTeX Graphics (DPC,SPQR)

("C:\Program Files (x86)\MiKTeX 2.8\tex\latex\graphics\trig.sty"
Package: trig 1999/03/16 v1.09 sin cos tan (DPC)
)
("C:\Program Files (x86)\MiKTeX 2.8\tex\latex\00miktex\graphics.cfg"
File: graphics.cfg 2007/01/18 v1.5 graphics configuration of teTeX/TeXLive
)
Package graphics Info: Driver file: pdftex.def on input line 90.

("C:\Program Files (x86)\MiKTeX 2.8\tex\latex\pdftex-def\pdftex.def"
File: pdftex.def 2009/08/25 v0.04m Graphics/color for pdfTeX
\Gread@gobject=\count90
))
\Gin@req@height=\dimen104
\Gin@req@width=\dimen105
)
("C:\Program Files (x86)\MiKTeX 2.8\tex\latex\subfigure\subfigure.sty"
Package: subfigure 2002/07/30 v2.1.4 subfigure package
\subfigtopskip=\skip43
\subfigcapskip=\skip44
\subfigcaptopadj=\dimen106
\subfigbottomskip=\skip45
\subfigcapmargin=\dimen107
\subfiglabelskip=\skip46
\c@subfigure=\count91
\c@lofdepth=\count92
\c@subtable=\count93
\c@lotdepth=\count94

****************************************
* Local config file subfigure.cfg used *
****************************************
("C:\Program Files (x86)\MiKTeX 2.8\tex\latex\subfigure\subfigure.cfg")
\subfig@top=\skip47
\subfig@bottom=\skip48
)
("C:\Program Files (x86)\MiKTeX 2.8\tex\latex\tools\array.sty"
Package: array 2005/08/23 v2.4b Tabular extension package (FMi)
\col@sep=\dimen108
\extrarowheight=\dimen109
\NC@list=\toks17
\extratabsurround=\skip49
\backup@length=\skip50
)
("C:\Program Files (x86)\MiKTeX 2.8\tex\latex\base\textcomp.sty"
Package: textcomp 2005/09/27 v1.99g Standard LaTeX package
Package textcomp Info: Sub-encoding information:
(textcomp)               5 = only ISO-Adobe without \textcurrency
(textcomp)               4 = 5 + \texteuro
(textcomp)               3 = 4 + \textohm
(textcomp)               2 = 3 + \textestimated + \textcurrency
(textcomp)               1 = TS1 - \textcircled - \t
(textcomp)               0 = TS1 (full)
(textcomp)             Font families with sub-encoding setting implement
(textcomp)             only a restricted character set as indicated.
(textcomp)             Family '?' is the default used for unknown fonts.
(textcomp)             See the documentation for details.
Package textcomp Info: Setting ? sub-encoding to TS1/1 on input line 71.

("C:\Program Files (x86)\MiKTeX 2.8\tex\latex\base\ts1enc.def"
File: ts1enc.def 2001/06/05 v3.0e (jk/car/fm) Standard LaTeX file
Now handling font encoding TS1 ...
... processing UTF-8 mapping file for font encoding TS1

("C:\Program Files (x86)\MiKTeX 2.8\tex\latex\base\ts1enc.dfu"
File: ts1enc.dfu 2006/03/30 v1.1i UTF-8 support for inputenc
   defining Unicode char U+00A2 (decimal 162)
   defining Unicode char U+00A3 (decimal 163)
   defining Unicode char U+00A4 (decimal 164)
   defining Unicode char U+00A5 (decimal 165)
   defining Unicode char U+00A6 (decimal 166)
   defining Unicode char U+00A7 (decimal 167)
   defining Unicode char U+00A8 (decimal 168)
   defining Unicode char U+00A9 (decimal 169)
   defining Unicode char U+00AA (decimal 170)
   defining Unicode char U+00AC (decimal 172)
   defining Unicode char U+00AE (decimal 174)
   defining Unicode char U+00AF (decimal 175)
   defining Unicode char U+00B0 (decimal 176)
   defining Unicode char U+00B1 (decimal 177)
   defining Unicode char U+00B2 (decimal 178)
   defining Unicode char U+00B3 (decimal 179)
   defining Unicode char U+00B4 (decimal 180)
   defining Unicode char U+00B5 (decimal 181)
   defining Unicode char U+00B6 (decimal 182)
   defining Unicode char U+00B7 (decimal 183)
   defining Unicode char U+00B9 (decimal 185)
   defining Unicode char U+00BA (decimal 186)
   defining Unicode char U+00BC (decimal 188)
   defining Unicode char U+00BD (decimal 189)
   defining Unicode char U+00BE (decimal 190)
   defining Unicode char U+00D7 (decimal 215)
   defining Unicode char U+00F7 (decimal 247)
   defining Unicode char U+0192 (decimal 402)
   defining Unicode char U+02C7 (decimal 711)
   defining Unicode char U+02D8 (decimal 728)
   defining Unicode char U+02DD (decimal 733)
   defining Unicode char U+0E3F (decimal 3647)
   defining Unicode char U+2016 (decimal 8214)
   defining Unicode char U+2020 (decimal 8224)
   defining Unicode char U+2021 (decimal 8225)
   defining Unicode char U+2022 (decimal 8226)
   defining Unicode char U+2030 (decimal 8240)
   defining Unicode char U+2031 (decimal 8241)
   defining Unicode char U+203B (decimal 8251)
   defining Unicode char U+203D (decimal 8253)
   defining Unicode char U+2044 (decimal 8260)
   defining Unicode char U+204E (decimal 8270)
   defining Unicode char U+2052 (decimal 8274)
   defining Unicode char U+20A1 (decimal 8353)
   defining Unicode char U+20A4 (decimal 8356)
   defining Unicode char U+20A6 (decimal 8358)
   defining Unicode char U+20A9 (decimal 8361)
   defining Unicode char U+20AB (decimal 8363)
   defining Unicode char U+20AC (decimal 8364)
   defining Unicode char U+20B1 (decimal 8369)
   defining Unicode char U+2103 (decimal 8451)
   defining Unicode char U+2116 (decimal 8470)
   defining Unicode char U+2117 (decimal 8471)
   defining Unicode char U+211E (decimal 8478)
   defining Unicode char U+2120 (decimal 8480)
   defining Unicode char U+2122 (decimal 8482)
   defining Unicode char U+2126 (decimal 8486)
   defining Unicode char U+2127 (decimal 8487)
   defining Unicode char U+212E (decimal 8494)
   defining Unicode char U+2190 (decimal 8592)
   defining Unicode char U+2191 (decimal 8593)
   defining Unicode char U+2192 (decimal 8594)
   defining Unicode char U+2193 (decimal 8595)
   defining Unicode char U+2329 (decimal 9001)
   defining Unicode char U+232A (decimal 9002)
   defining Unicode char U+2422 (decimal 9250)
   defining Unicode char U+25E6 (decimal 9702)
   defining Unicode char U+25EF (decimal 9711)
   defining Unicode char U+266A (decimal 9834)
))
LaTeX Info: Redefining \oldstylenums on input line 266.
Package textcomp Info: Setting cmr sub-encoding to TS1/0 on input line 281.
Package textcomp Info: Setting cmss sub-encoding to TS1/0 on input line 282.
Package textcomp Info: Setting cmtt sub-encoding to TS1/0 on input line 283.
Package textcomp Info: Setting cmvtt sub-encoding to TS1/0 on input line 284.
Package textcomp Info: Setting cmbr sub-encoding to TS1/0 on input line 285.
Package textcomp Info: Setting cmtl sub-encoding to TS1/0 on input line 286.
Package textcomp Info: Setting ccr sub-encoding to TS1/0 on input line 287.
Package textcomp Info: Setting ptm sub-encoding to TS1/4 on input line 288.
Package textcomp Info: Setting pcr sub-encoding to TS1/4 on input line 289.
Package textcomp Info: Setting phv sub-encoding to TS1/4 on input line 290.
Package textcomp Info: Setting ppl sub-encoding to TS1/3 on input line 291.
Package textcomp Info: Setting pag sub-encoding to TS1/4 on input line 292.
Package textcomp Info: Setting pbk sub-encoding to TS1/4 on input line 293.
Package textcomp Info: Setting pnc sub-encoding to TS1/4 on input line 294.
Package textcomp Info: Setting pzc sub-encoding to TS1/4 on input line 295.
Package textcomp Info: Setting bch sub-encoding to TS1/4 on input line 296.
Package textcomp Info: Setting put sub-encoding to TS1/5 on input line 297.
Package textcomp Info: Setting uag sub-encoding to TS1/5 on input line 298.
Package textcomp Info: Setting ugq sub-encoding to TS1/5 on input line 299.
Package textcomp Info: Setting ul8 sub-encoding to TS1/4 on input line 300.
Package textcomp Info: Setting ul9 sub-encoding to TS1/4 on input line 301.
Package textcomp Info: Setting augie sub-encoding to TS1/5 on input line 302.
Package textcomp Info: Setting dayrom sub-encoding to TS1/3 on input line 303.
Package textcomp Info: Setting dayroms sub-encoding to TS1/3 on input line 304.

Package textcomp Info: Setting pxr sub-encoding to TS1/0 on input line 305.
Package textcomp Info: Setting pxss sub-encoding to TS1/0 on input line 306.
Package textcomp Info: Setting pxtt sub-encoding to TS1/0 on input line 307.
Package textcomp Info: Setting txr sub-encoding to TS1/0 on input line 308.
Package textcomp Info: Setting txss sub-encoding to TS1/0 on input line 309.
Package textcomp Info: Setting txtt sub-encoding to TS1/0 on input line 310.
Package textcomp Info: Setting futs sub-encoding to TS1/4 on input line 311.
Package textcomp Info: Setting futx sub-encoding to TS1/4 on input line 312.
Package textcomp Info: Setting futj sub-encoding to TS1/4 on input line 313.
Package textcomp Info: Setting hlh sub-encoding to TS1/3 on input line 314.
Package textcomp Info: Setting hls sub-encoding to TS1/3 on input line 315.
Package textcomp Info: Setting hlst sub-encoding to TS1/3 on input line 316.
Package textcomp Info: Setting hlct sub-encoding to TS1/5 on input line 317.
Package textcomp Info: Setting hlx sub-encoding to TS1/5 on input line 318.
Package textcomp Info: Setting hlce sub-encoding to TS1/5 on input line 319.
Package textcomp Info: Setting hlcn sub-encoding to TS1/5 on input line 320.
Package textcomp Info: Setting hlcw sub-encoding to TS1/5 on input line 321.
Package textcomp Info: Setting hlcf sub-encoding to TS1/5 on input line 322.
Package textcomp Info: Setting pplx sub-encoding to TS1/3 on input line 323.
Package textcomp Info: Setting pplj sub-encoding to TS1/3 on input line 324.
Package textcomp Info: Setting ptmx sub-encoding to TS1/4 on input line 325.
Package textcomp Info: Setting ptmj sub-encoding to TS1/4 on input line 326.
)
("C:\Program Files (x86)\MiKTeX 2.8\tex\latex\graphics\color.sty"
Package: color 2005/11/14 v1.0j Standard LaTeX Color (DPC)

("C:\Program Files (x86)\MiKTeX 2.8\tex\latex\00miktex\color.cfg"
File: color.cfg 2007/01/18 v1.5 color configuration of teTeX/TeXLive
)
Package color Info: Driver file: pdftex.def on input line 130.
)
("C:\Program Files (x86)\MiKTeX 2.8\tex\latex\listings\listings.sty"
\lst@mode=\count95
\lst@gtempboxa=\box26
\lst@token=\toks18
\lst@length=\count96
\lst@currlwidth=\dimen110
\lst@column=\count97
\lst@pos=\count98
\lst@lostspace=\dimen111
\lst@width=\dimen112
\lst@newlines=\count99
\lst@lineno=\count100
\lst@maxwidth=\dimen113

("C:\Program Files (x86)\MiKTeX 2.8\tex\latex\listings\lstmisc.sty"
File: lstmisc.sty 2007/02/22 1.4 (Carsten Heinz)
\c@lstnumber=\count101
\lst@skipnumbers=\count102
\lst@framebox=\box27
)
("C:\Program Files (x86)\MiKTeX 2.8\tex\latex\listings\listings.cfg"
File: listings.cfg 2007/02/22 1.4 listings configuration
))
Package: listings 2007/02/22 1.4 (Carsten Heinz)

("C:\Dokumenty\diplomka\pøípravný projekt\k336_thesis_macros.sty"
Two side layout redefined.
("C:\Dokumenty\diplomka\pøípravný projekt\hyphen.tex"))
Diplomova prace
("C:\Program Files (x86)\MiKTeX 2.8\tex\latex\hyperref\hyperref.sty"
Package: hyperref 2009/09/23 v6.78v Hypertext links for LaTeX

("C:\Program Files (x86)\MiKTeX 2.8\tex\generic\oberdiek\ifpdf.sty"
Package: ifpdf 2009/04/10 v2.0 Provides the ifpdf switch (HO)
Package ifpdf Info: pdfTeX in pdf mode detected.
)
("C:\Program Files (x86)\MiKTeX 2.8\tex\generic\oberdiek\ifvtex.sty"
Package: ifvtex 2008/11/04 v1.4 Switches for detecting VTeX and its modes (HO)
Package ifvtex Info: VTeX not detected.
)
("C:\Program Files (x86)\MiKTeX 2.8\tex\latex\ifxetex\ifxetex.sty"
Package: ifxetex 2009/01/23 v0.5 Provides ifxetex conditional
)
("C:\Program Files (x86)\MiKTeX 2.8\tex\latex\oberdiek\hycolor.sty"
Package: hycolor 2008/09/08 v1.4 Code for color options of hyperref/bookmark (H
O)

("C:\Program Files (x86)\MiKTeX 2.8\tex\latex\oberdiek\xcolor-patch.sty"
Package: xcolor-patch 2008/09/08 xcolor patch
))
\@linkdim=\dimen114
\Hy@linkcounter=\count103
\Hy@pagecounter=\count104

("C:\Program Files (x86)\MiKTeX 2.8\tex\latex\hyperref\pd1enc.def"
File: pd1enc.def 2009/09/23 v6.78v Hyperref: PDFDocEncoding definition (HO)
Now handling font encoding PD1 ...
... no UTF-8 mapping file for font encoding PD1
)
("C:\Program Files (x86)\MiKTeX 2.8\tex\generic\oberdiek\etexcmds.sty"
Package: etexcmds 2007/12/12 v1.2 Prefix for e-TeX command names (HO)

("C:\Program Files (x86)\MiKTeX 2.8\tex\generic\oberdiek\infwarerr.sty"
Package: infwarerr 2007/09/09 v1.2 Providing info/warning/message (HO)
)
Package etexcmds Info: Could not find \expanded.
(etexcmds)             That can mean that you are not using pdfTeX 1.50 or
(etexcmds)             that some package has redefined \expanded.
(etexcmds)             In the latter case, load this package earlier.
)
("C:\Program Files (x86)\MiKTeX 2.8\tex\latex\00miktex\hyperref.cfg"
File: hyperref.cfg 2002/06/06 v1.2 hyperref configuration of TeXLive
)
("C:\Program Files (x86)\MiKTeX 2.8\tex\latex\oberdiek\kvoptions.sty"
Package: kvoptions 2009/08/13 v3.4 Keyval support for LaTeX options (HO)

("C:\Program Files (x86)\MiKTeX 2.8\tex\generic\oberdiek\kvsetkeys.sty"
Package: kvsetkeys 2009/07/30 v1.5 Key value parser with default handler suppor
t (HO)
))
Package hyperref Info: Option `bookmarks' set `true' on input line 2864.
Package hyperref Info: Option `colorlinks' set `true' on input line 2864.
Package hyperref Info: Option `breaklinks' set `true' on input line 2864.
Package hyperref Info: Option `unicode' set `true' on input line 2864.

("C:\Program Files (x86)\MiKTeX 2.8\tex\latex\hyperref\puenc.def"
File: puenc.def 2009/09/23 v6.78v Hyperref: PDF Unicode definition (HO)
Now handling font encoding PU ...
... no UTF-8 mapping file for font encoding PU
)
Package hyperref Info: Hyper figures OFF on input line 2975.
Package hyperref Info: Link nesting OFF on input line 2980.
Package hyperref Info: Hyper index ON on input line 2983.
Package hyperref Info: Plain pages OFF on input line 2990.
Package hyperref Info: Backreferencing OFF on input line 2995.

Implicit mode ON; LaTeX internals redefined
Package hyperref Info: Bookmarks ON on input line 3191.
("C:\Program Files (x86)\MiKTeX 2.8\tex\latex\ltxmisc\url.sty"
\Urlmuskip=\muskip10
Package: url 2006/04/12  ver 3.3  Verb mode for urls, etc.
)
LaTeX Info: Redefining \url on input line 3428.

("C:\Program Files (x86)\MiKTeX 2.8\tex\generic\oberdiek\bitset.sty"
Package: bitset 2007/09/28 v1.0 Data type bit set (HO)

("C:\Program Files (x86)\MiKTeX 2.8\tex\generic\oberdiek\intcalc.sty"
Package: intcalc 2007/09/27 v1.1 Expandable integer calculations (HO)
)
("C:\Program Files (x86)\MiKTeX 2.8\tex\generic\oberdiek\bigintcalc.sty"
Package: bigintcalc 2007/11/11 v1.1 Expandable big integer calculations (HO)

("C:\Program Files (x86)\MiKTeX 2.8\tex\generic\oberdiek\pdftexcmds.sty"
Package: pdftexcmds 2009/09/23 v0.6 LuaTeX support for pdfTeX utility functions
 (HO)

("C:\Program Files (x86)\MiKTeX 2.8\tex\generic\oberdiek\ifluatex.sty"
Package: ifluatex 2009/04/17 v1.2 Provides the ifluatex switch (HO)
Package ifluatex Info: LuaTeX not detected.
)
("C:\Program Files (x86)\MiKTeX 2.8\tex\generic\oberdiek\ltxcmds.sty"
Package: ltxcmds 2009/08/05 v1.0 Some LaTeX kernel commands for general use (HO
)
)
Package pdftexcmds Info: LuaTeX not detected.
Package pdftexcmds Info: \pdf@primitive is available.
Package pdftexcmds Info: \pdf@ifprimitive is available.
)))
\Fld@menulength=\count105
\Field@Width=\dimen115
\Fld@charsize=\dimen116
\Field@toks=\toks19
Package hyperref Info: Hyper figures OFF on input line 4346.
Package hyperref Info: Link nesting OFF on input line 4351.
Package hyperref Info: Hyper index ON on input line 4354.
Package hyperref Info: backreferencing OFF on input line 4361.
Package hyperref Info: Link coloring ON on input line 4364.
Package hyperref Info: Link coloring with OCG OFF on input line 4371.
Package hyperref Info: PDF/A mode OFF on input line 4376.

("C:\Program Files (x86)\MiKTeX 2.8\tex\generic\oberdiek\atbegshi.sty"
Package: atbegshi 2008/07/31 v1.9 At begin shipout hook (HO)
)
\Hy@abspage=\count106
\c@Item=\count107
\c@Hfootnote=\count108
)
*hyperref using default driver hpdftex*
("C:\Program Files (x86)\MiKTeX 2.8\tex\latex\hyperref\hpdftex.def"
File: hpdftex.def 2009/09/23 v6.78v Hyperref driver for pdfTeX
\Fld@listcount=\count109
)
("C:\Program Files (x86)\MiKTeX 2.8\tex\latex\natbib\natbib.sty"
Package: natbib 2009/07/16 8.31 (PWD, AO)
\bibhang=\skip51
\bibsep=\skip52
LaTeX Info: Redefining \cite on input line 694.
\c@NAT@ctr=\count110
)
("C:\Dokumenty\diplomka\pøípravný projekt\divispe2-thesis-2012.aux")
LaTeX Font Info:    Checking defaults for OML/cmm/m/it on input line 207.
LaTeX Font Info:    ... okay on input line 207.
LaTeX Font Info:    Checking defaults for T1/cmr/m/n on input line 207.
LaTeX Font Info:    ... okay on input line 207.
LaTeX Font Info:    Checking defaults for OT1/cmr/m/n on input line 207.
LaTeX Font Info:    ... okay on input line 207.
LaTeX Font Info:    Checking defaults for OMS/cmsy/m/n on input line 207.
LaTeX Font Info:    ... okay on input line 207.
LaTeX Font Info:    Checking defaults for OMX/cmex/m/n on input line 207.
LaTeX Font Info:    ... okay on input line 207.
LaTeX Font Info:    Checking defaults for U/cmr/m/n on input line 207.
LaTeX Font Info:    ... okay on input line 207.
LaTeX Font Info:    Checking defaults for TS1/cmr/m/n on input line 207.
LaTeX Font Info:    Try loading font information for TS1+cmr on input line 207.


("C:\Program Files (x86)\MiKTeX 2.8\tex\latex\base\ts1cmr.fd"
File: ts1cmr.fd 1999/05/25 v2.5h Standard LaTeX font definitions
)
LaTeX Font Info:    ... okay on input line 207.
LaTeX Font Info:    Checking defaults for PD1/pdf/m/n on input line 207.
LaTeX Font Info:    ... okay on input line 207.
LaTeX Font Info:    Checking defaults for PU/pdf/m/n on input line 207.
LaTeX Font Info:    ... okay on input line 207.
LaTeX Font Info:    Try loading font information for T1+lmr on input line 207.

("C:\Program Files (x86)\MiKTeX 2.8\tex\latex\lm\t1lmr.fd"
File: t1lmr.fd 2007/01/14 v1.3 Font defs for Latin Modern
)
("C:\Program Files (x86)\MiKTeX 2.8\tex\context\base\supp-pdf.tex"
[Loading MPS to PDF converter (version 2006.09.02).]
\scratchcounter=\count111
\scratchdimen=\dimen117
\scratchbox=\box28
\nofMPsegments=\count112
\nofMParguments=\count113
\everyMPshowfont=\toks20
\MPscratchCnt=\count114
\MPscratchDim=\dimen118
\MPnumerator=\count115
\everyMPtoPDFconversion=\toks21
)
\c@lstlisting=\count116
Package hyperref Info: Link coloring ON on input line 207.
 ("C:\Program Files (x86)\MiKTeX 2.8\tex\latex\hyperref\nameref.sty"
Package: nameref 2007/05/29 v2.31 Cross-referencing by name of section

("C:\Program Files (x86)\MiKTeX 2.8\tex\latex\oberdiek\refcount.sty"
Package: refcount 2008/08/11 v3.1 Data extraction from references (HO)
)
\c@section@level=\count117
)
LaTeX Info: Redefining \ref on input line 207.
LaTeX Info: Redefining \pageref on input line 207.

("C:\Dokumenty\diplomka\pøípravný projekt\divispe2-thesis-2012.out")
("C:\Dokumenty\diplomka\pøípravný projekt\divispe2-thesis-2012.out")
\@outlinefile=\write3
\AtBeginShipoutBox=\box29

************************************************
Zvoleny jazyk: cestina
Typ prace: Diplomov\IeC {\'a} pr\IeC {\'a}ce
Studijni program: Elektrotechnika a informatika, strukturovan\IeC {\'y}, Navazu
j\IeC {\'\i }c\IeC {\'\i } magistersk\IeC {\'y}
Obor: V\IeC {\'y}po\IeC {\v c}etn\IeC {\'\i } technika
Jmeno: Bc. Petr Divi\IeC {\v s}
Nazev prace: Modul\IeC {\'a}rn\IeC {\'\i } E-shop
Vedouci prace: Ing. Bo\IeC {\v z}ena Mannov\IeC {\'a}, Ph.D.
***************************************************
<figures/zadani.png, id=503, 669.50125pt x 1003.75pt>
File: figures/zadani.png Graphic file (type png)
 <use figures/zadani.png>

LaTeX Warning: Float too large for page by 26.28572pt on input line 268.

[1 <C:/Dokumenty/diplomka/pøípravný projekt/figures/zadani.png (PNG copy)>]
[2{C:/ProgramData/MiKTeX/2.8/pdftex/config/pdftex.map}



]
<figures/LogoCVUT.pdf, id=514, 93.34875pt x 70.2625pt>
File: figures/LogoCVUT.pdf Graphic file (type pdf)

<use figures/LogoCVUT.pdf> [3 <C:/Dokumenty/diplomka/pøípravný projekt/figures/
LogoCVUT.pdf>] [4

] [5] [6

] [7] [8

]
Overfull \hbox (2.60512pt too wide) in paragraph at lines 302--304
\T1/lmr/m/n/10.95 vhod-nými frame-worky. Po zv-olení vhod-ného pro-gramovacího 
jazyka s frame-workem provádím
 []

[9

] [10

] ("C:\Dokumenty\diplomka\pøípravný projekt\divispe2-thesis-2012.toc"
LaTeX Font Info:    Try loading font information for OT1+lmr on input line 4.

("C:\Program Files (x86)\MiKTeX 2.8\tex\latex\lm\ot1lmr.fd"
File: ot1lmr.fd 2007/01/14 v1.3 Font defs for Latin Modern
)
LaTeX Font Info:    Try loading font information for OML+lmm on input line 4.

("C:\Program Files (x86)\MiKTeX 2.8\tex\latex\lm\omllmm.fd"
File: omllmm.fd 2007/01/14 v1.3 Font defs for Latin Modern
)
LaTeX Font Info:    Try loading font information for OMS+lmsy on input line 4.

("C:\Program Files (x86)\MiKTeX 2.8\tex\latex\lm\omslmsy.fd"
File: omslmsy.fd 2007/01/14 v1.3 Font defs for Latin Modern
)
LaTeX Font Info:    Try loading font information for OMX+lmex on input line 4.

("C:\Program Files (x86)\MiKTeX 2.8\tex\latex\lm\omxlmex.fd"
File: omxlmex.fd 2007/01/14 v1.3 Font defs for Latin Modern
)
LaTeX Font Info:    External font `lmex10' loaded for size
(Font)              <10.95> on input line 4.
LaTeX Font Info:    External font `lmex10' loaded for size
(Font)              <8> on input line 4.
LaTeX Font Info:    External font `lmex10' loaded for size
(Font)              <6> on input line 4.
 [11] [12]
[13])
\tf@toc=\write4
 [14] ("C:\Dokumenty\diplomka\pøípravný projekt\divispe2-thesis-2012.lof")
\tf@lof=\write5
[15

] [16

] ("C:\Dokumenty\diplomka\pøípravný projekt\divispe2-thesis-2012.lot")
\tf@lot=\write6

[17] [18

]
Kapitola 1.

Overfull \hbox (10.6344pt too wide) in paragraph at lines 355--356
[]\T1/lmr/m/n/10.95 Proto p°i²la my²lenka dy-nam-icky roz²i°itel-ného in-ter-ne
-tového ob-chodu, který bude schopný
 []

[1

] [2]
Kapitola 2.
[3

]
Overfull \hbox (0.8113pt too wide) in paragraph at lines 388--389
\T1/lmr/m/n/10.95 Cílem práce je navrhnout a im-ple-men-to-vat ap-likaci in-ter
-ne-tového ob-chodu s vyuºitím vhodné
 []

[4]
Kapitola 3.
LaTeX Font Info:    Try loading font information for TS1+lmr on input line 404.

("C:\Program Files (x86)\MiKTeX 2.8\tex\latex\lm\ts1lmr.fd"
File: ts1lmr.fd 2007/01/14 v1.3 Font defs for Latin Modern
)
LaTeX Font Info:    External font `lmex10' loaded for size
(Font)              <9> on input line 406.
LaTeX Font Info:    External font `lmex10' loaded for size
(Font)              <5> on input line 406.
LaTeX Font Info:    Try loading font information for T1+lmtt on input line 406.


("C:\Program Files (x86)\MiKTeX 2.8\tex\latex\lm\t1lmtt.fd"
File: t1lmtt.fd 2007/01/14 v1.3 Font defs for Latin Modern
) [5

]
Overfull \hbox (7.11052pt too wide) in paragraph at lines 413--414
\T1/lmr/m/n/10.95 b¥ºný kód posky-tu-jící obec-nou funk£nost £asto se-lek-tivn¥
 p°episován nebo konkretizován
 []


Overfull \hbox (9.93765pt too wide) in paragraph at lines 413--414
\T1/lmr/m/n/10.95 uºi-va-tel-ským kó-dem, coº posky-tuje poºadovanou funkcional
-itu. Frame-worky jsou speciál-
 []


Overfull \hbox (0.94032pt too wide) in paragraph at lines 416--416
[]\T1/lmr/bx/n/14.4 Re²er²ní zpra-cov-ání vhod-ných im-ple-men-ta£ních prost°ed
í 
 []

[6] [7]
Overfull \hbox (4.40054pt too wide) in paragraph at lines 462--463
\T1/lmr/m/n/10.95 nap°ík-lad pod-pora zm¥ny vzh-ledu, více-jazy£nost, více m¥n,
 pod-pora SSL, rekla-mace, moºnost
 []

[8] [9] [10] [11] [12

]
Kapitola 4.

Overfull \hbox (1.17577pt too wide) in paragraph at lines 517--518
\T1/lmr/m/n/10.95 Z hlediska p°ís-tupu po-ten-cionál-ního ob-chod-níka k ap-lik
aci in-ter-ne-tového ob-chodu lze rozd¥lit
 []

[13]
Overfull \hbox (2.05751pt too wide) in paragraph at lines 531--532
[]\T1/lmr/m/n/10.95 Za spe-cial-itu lze po-vaºo-vat moºnost volby, kde se bu-do
u jed-notlivé funk£ní prvky nacházet
 []

[14]
Overfull \hbox (11.85065pt too wide) in paragraph at lines 565--566
[]\T1/lmr/m/n/10.95 Poslední variantou je umíst¥ní vlast-ního fyz-ick-ého serve
ru do housin-gového cen-tra. Výhodou
 []

[15] [16] [17] <figures/usecasefront.png, id=923, 373.395pt x 599.23875pt>
File: figures/usecasefront.png Graphic file (type png)

<use figures/usecasefront.png>

LaTeX Warning: `!h' float specifier changed to `!ht'.

<figures/usecaseback.png, id=924, 285.065pt x 407.5225pt>
File: figures/usecaseback.png Graphic file (type png)

<use figures/usecaseback.png>

LaTeX Warning: `!h' float specifier changed to `!ht'.

[18]
Underfull \vbox (badness 1881) has occurred while \output is active []

 [19 <C:/Dokumenty/diplomka/pøípravný projekt/figures/usecasefront.png (PNG cop
y)>]
[20 <C:/Dokumenty/diplomka/pøípravný projekt/figures/usecaseback.png (PNG copy)
>] [21] [22] [23] <figures/datamodel.png, id=1006, 434.37282pt x 566.115pt>
File: figures/datamodel.png Graphic file (type png)

<use figures/datamodel.png>

LaTeX Warning: `!h' float specifier changed to `!ht'.

<figures/factorymethod.png, id=1012, 530.98375pt x 268.00125pt>
File: figures/factorymethod.png Graphic file (type png)

<use figures/factorymethod.png>

LaTeX Warning: `!h' float specifier changed to `!ht'.

<figures/pluginseq.png, id=1015, 533.995pt x 287.0725pt>
File: figures/pluginseq.png Graphic file (type png)

<use figures/pluginseq.png>

LaTeX Warning: `!h' float specifier changed to `!ht'.

[24]

LaTeX Warning: Text page 25 contains only floats.


Overfull \vbox (7.84248pt too high) has occurred while \output is active []


[25 <C:/Dokumenty/diplomka/pøípravný projekt/figures/datamodel.png>]
<figures/uow.png, id=1027, 543.02875pt x 426.59375pt>
File: figures/uow.png Graphic file (type png)
 <use figures/uow.png>
[26 <C:/Dokumenty/diplomka/pøípravný projekt/figures/factorymethod.png (PNG cop
y)> <C:/Dokumenty/diplomka/pøípravný projekt/figures/pluginseq.png (PNG copy)>]
[27 <C:/Dokumenty/diplomka/pøípravný projekt/figures/uow.png (PNG copy)>]
<figures/di.png, id=1040, 531.9875pt x 241.90375pt>
File: figures/di.png Graphic file (type png)
 <use figures/di.png>
[28 <C:/Dokumenty/diplomka/pøípravný projekt/figures/di.png (PNG copy)>]
<figures/servicelocator.png, id=1047, 537.00626pt x 334.24875pt>
File: figures/servicelocator.png Graphic file (type png)

<use figures/servicelocator.png>
Overfull \hbox (8.0796pt too wide) in paragraph at lines 949--950
\T1/lmr/m/n/10.95 voláním ur£ité metody dodá t°íd¥ \T1/lmtt/m/n/10.95 Výpis \T1
/lmr/m/n/10.95 im-ple-mentaci \T1/lmtt/m/n/10.95 Implementace Vyhledávání\T1/lm
r/m/n/10.95 . Samoz°e-
 []

[29 <C:/Dokumenty/diplomka/pøípravný projekt/figures/servicelocator.png (PNG co
py)>]
Overfull \hbox (17.72214pt too wide) in paragraph at lines 973--974
\T1/lmr/m/n/10.95 frame-work· a ap-likací s uºi-va-tel-skými rozhraními[[]]. Zá
k-ladní prin-cip popisuje velmi jednoduchý
 []

<figures/mvc.png, id=1054, 330.23375pt x 220.825pt>
File: figures/mvc.png Graphic file (type png)
 <use figures/mvc.png>
[30 <C:/Dokumenty/diplomka/pøípravný projekt/figures/mvc.png (PNG copy)>]
[31] [32]
Underfull \hbox (badness 10000) in paragraph at lines 1052--1052
[][][]\T1/lmr/m/n/9 <[][]$\T1/lmtt/m/n/9 http : / / coolthingoftheday . blogspo
t . com / 2011 / 01 / sql-[]server-[]compact-[]4-[]vs-[]sql-[]server .
 []


Overfull \hbox (0.50368pt too wide) in paragraph at lines 1052--1053
[]\T1/lmr/m/n/10.95 Jde o databázi uloºe-nou v jed-nom souboru spole£n¥ s ap-li
kací, její moºnosti jsou omezené.
 []

[33] [34] [35] [36

]
Kapitola 5.

Overfull \hbox (0.75139pt too wide) in paragraph at lines 1092--1093
\T1/lmr/m/n/10.95 Z d·vodu velké sloºi-tosti struk-tury ap-likace je zde pop-sá
n di-a-gram kom-po-nent, který graficky
 []

LaTeX Font Info:    Try loading font information for T1+lmss on input line 1094
.
("C:\Program Files (x86)\MiKTeX 2.8\tex\latex\lm\t1lmss.fd"
File: t1lmss.fd 2007/01/14 v1.3 Font defs for Latin Modern
)
<figures/componentsextract.png, id=1155, 699.61375pt x 537.00626pt>
File: figures/componentsextract.png Graphic file (type png)

<use figures/componentsextract.png>
Overfull \hbox (19.22841pt too wide) in paragraph at lines 1100--1101
 [] 
 []


LaTeX Warning: `!h' float specifier changed to `!ht'.

<figures/componentslow.png, id=1156, 587.19376pt x 293.095pt>
File: figures/componentslow.png Graphic file (type png)

<use figures/componentslow.png>
Overfull \hbox (4.8791pt too wide) in paragraph at lines 1108--1109
 [] 
 []


LaTeX Warning: `!h' float specifier changed to `!ht'.

[37] <figures/struktura.png, id=1171, 185.94469pt x 299.61937pt>
File: figures/struktura.png Graphic file (type png)

<use figures/struktura.png>

LaTeX Warning: `!h' float specifier changed to `!ht'.

[38 <C:/Dokumenty/diplomka/pøípravný projekt/figures/componentsextract.png (PNG
 copy)>]

LaTeX Warning: Text page 39 contains only floats.


Overfull \vbox (6.90279pt too high) has occurred while \output is active []


[39 <C:/Dokumenty/diplomka/pøípravný projekt/figures/componentslow.png (PNG cop
y)> <C:/Dokumenty/diplomka/pøípravný projekt/figures/struktura.png (PNG copy)>]

LaTeX Warning: `!h' float specifier changed to `!ht'.

[40] ("C:\Program Files (x86)\MiKTeX 2.8\tex\latex\listings\lstlang1.sty"
File: lstlang1.sty 2004/09/05 1.3 listings language file
)
("C:\Program Files (x86)\MiKTeX 2.8\tex\latex\listings\lstmisc.sty"
File: lstmisc.sty 2007/02/22 1.4 (Carsten Heinz)
) [41]

LaTeX Warning: `!h' float specifier changed to `!ht'.

[42]
Underfull \vbox (badness 10000) has occurred while \output is active []

 [43]
[44] [45] ("C:\Program Files (x86)\MiKTeX 2.8\tex\latex\listings\lstlang1.sty"
File: lstlang1.sty 2004/09/05 1.3 listings language file
)

LaTeX Warning: `!h' float specifier changed to `!ht'.


Overfull \hbox (9.53915pt too wide) in paragraph at lines 1365--1366
[]\T1/lmr/m/n/10.95 Ostatní im-ple-men-tace týka-jící se p°ek-ládání se nachází
 v sou-borech v adresá°i \T1/lmtt/m/n/10.95 Translation
 []

[46]
Underfull \hbox (badness 10000) in paragraph at lines 1379--1379
[][][]\T1/lmr/m/n/9 <[][]$\T1/lmtt/m/n/9 http : / / www . pluralsight-[]trainin
g . net / microsoft / Courses / TableOfContents ? courseName =
 []


Overfull \hbox (12.6338pt too wide) in paragraph at lines 1379--1381
\T1/lmr/m/n/10.95 delegáta, proto se ne-musí pouºí-vat stat-ická t°ída zp·-sobe
m \T1/lmtt/m/n/10.95 @Translator.Translate("text")\T1/lmr/m/n/10.95 ,
 []

[47]
Overfull \hbox (21.49527pt too wide) in paragraph at lines 1417--1418
[]\T1/lmtt/m/n/10.95 AdminAttribute \T1/lmr/m/n/10.95 -- jiº vý²e zmín¥ný atrib
ut pro zabezpe£ení back-endu. D¥dí od \T1/lmtt/m/n/10.95 Authorize-
 []

[48] <figures/lifecycle.png, id=1431, 185.69376pt x 554.07pt>
File: figures/lifecycle.png Graphic file (type png)

<use figures/lifecycle.png> [49] [50 <C:/Dokumenty/diplomka/pøípravný projekt/f
igures/lifecycle.png (PNG copy)>]
<figures/modulstruktura.png, id=1443, 173.14688pt x 258.9675pt>
File: figures/modulstruktura.png Graphic file (type png)

<use figures/modulstruktura.png>
Overfull \hbox (3.03242pt too wide) in paragraph at lines 1467--1468
\T1/lmr/m/n/10.95 ses-tavení je²t¥ neº se spustí samotná ap-likace. K tomu slou
ºí sou-bor \T1/lmtt/m/n/10.95 PreApplicationInit.cs
 []

[51 <C:/Dokumenty/diplomka/pøípravný projekt/figures/modulstruktura.png>]
Overfull \hbox (299.35284pt too wide) in paragraph at lines 1505--1505
[][][]\T1/lmr/m/n/9 <[][]$\T1/lmtt/m/n/9 http : / / weblogs . asp . net / manav
i / archive / 2010 / 12 / 24 / inheritance-[]mapping-[]strategies-[]with-[]enti
ty-[]framework-[]code-[]first-[]ctp5-[]part-[]1-[]table-[]per-[]hierarchy-[]tph
 .
 []

[52] [53] [54

]
Kapitola 6.

Overfull \hbox (4.51874pt too wide) in paragraph at lines 1546--1548
[]\T1/lmr/m/n/10.95 Castle neb¥ºí na Medium Trust! http://msdn.microsoft.com/en
-us/library/wyts434y.aspx 
 []

[55] [56

]
Kapitola 7.
("C:\Dokumenty\diplomka\pøípravný projekt\divispe2-thesis-2012.bbl" [57]
[58

]
Underfull \hbox (badness 7740) in paragraph at lines 86--91
\T1/lmr/m/n/10.95 Dos-tupné z: <[][]$\T1/lmtt/m/n/10.95 http : / / msdn . micro
soft . com / en-[]us / library / dd381412(v = VS . 98 )
 []

[59]
Underfull \hbox (badness 10000) in paragraph at lines 114--120
\T1/lmr/m/n/10.95 Dos-tupné z: <[][]$\T1/lmtt/m/n/10.95 http : / / www . oracle
 . com / technetwork / articles / javase /
 []


Underfull \hbox (badness 6236) in paragraph at lines 175--179
\T1/lmr/m/n/10.95 tupné z: <[][]$\T1/lmtt/m/n/10.95 http : / / www . hostingy .
 cz / navody-[]a-[]tipy-[]jak-[]vybirat-[]webhosting .
 []


Underfull \hbox (badness 10000) in paragraph at lines 188--194
[]\T1/lmr/m/n/10.95 Severns, S.  \T1/lmr/m/it/10.95 nop-Com-merce Plu-gin with 
Data Ac-cess \T1/lmr/m/n/10.95 [on-line]. 2011.
 []


Underfull \hbox (badness 2735) in paragraph at lines 188--194
\T1/lmr/m/n/10.95 [cit. 9.30.2011].  Dos-tupné z: <[][]$\T1/lmtt/m/n/10.95 http
 : / / blog . csharpwebdeveloper . com / 2011 /
 []

) [60]
P\v {r}\'{\i }loha A.
[61

] [62

]
P\v {r}\'{\i }loha B.

Package natbib Warning: Citation `CSTUG' on page 63 undefined on input line 160
8.


Package natbib Warning: Citation `latexdocweb' on page 63 undefined on input li
ne 1608.


Package natbib Warning: Citation `latexwiki' on page 63 undefined on input line
 1608.

File: figures/LogoCVUT.pdf Graphic file (type pdf)
<use figures/LogoCVUT.pdf> [63]

Package natbib Warning: Citation `ipe' on page 64 undefined on input line 1640.


[64] [65] [66]
Overfull \hbox (55.95735pt too wide) in paragraph at lines 1789--1790
\T1/lmr/m/n/10.95 2010. Po-drob-nosti na-jdete ve zdro-jovém souboru to-hoto te
xtu v ko-men-tá°i u p°íkazu []\T1/lmtt/m/n/10.95 \thebibliography\T1/lmr/m/n/10
.95 . 
 []

[67] [68]
P\v {r}\'{\i }loha C.
[69

] [70

]
P\v {r}\'{\i }loha D.
[71] [72

]
P\v {r}\'{\i }loha E.
[73] [74

]
P\v {r}\'{\i }loha F.

Package natbib Warning: Citation `infodp' on page 75 undefined on input line 18
80.

<figures/seznamcd.pdf, id=1608, 793.96625pt x 539.01375pt>
File: figures/seznamcd.pdf Graphic file (type pdf)

<use figures/seznamcd.pdf> [75 <C:/Dokumenty/diplomka/pøípravný projekt/figures
/seznamcd.pdf>] [76]

Package natbib Warning: There were undefined citations.

("C:\Dokumenty\diplomka\pøípravný projekt\divispe2-thesis-2012.aux")

LaTeX Warning: Label(s) may have changed. Rerun to get cross-references right.

 ) 
Here is how much of TeX's memory you used:
 10298 strings out of 495285
 141969 string characters out of 3179883
 359343 words of memory out of 3000000
 12783 multiletter control sequences out of 15000+200000
 80532 words of font info for 54 fonts, out of 3000000 for 9000
 20 hyphenation exceptions out of 8191
 38i,9n,51p,1443b,1471s stack positions out of 5000i,500n,10000p,200000b,50000s
{C:/Program Files (x86)/MiKTeX 2.8/fonts/enc/dvips/lm/lm-rm.enc}{C:/Program F
iles (x86)/MiKTeX 2.8/fonts/enc/dvips/lm/lm-mathsy.enc}{C:/Program Files (x86)/
MiKTeX 2.8/fonts/enc/dvips/lm/lm-mathit.enc}{C:/Program Files (x86)/MiKTeX 2.8/
fonts/enc/dvips/lm/lm-ec.enc}{C:/Program Files (x86)/MiKTeX 2.8/fonts/enc/dvips
/lm/lm-ts1.enc}<C:/Program Files (x86)/MiKTeX 2.8/fonts/type1/public/lm/lmbx10.
pfb><C:/Program Files (x86)/MiKTeX 2.8/fonts/type1/public/lm/lmbx12.pfb><C:/Pro
gram Files (x86)/MiKTeX 2.8/fonts/type1/public/lm/lmmi10.pfb><C:/Program Files 
(x86)/MiKTeX 2.8/fonts/type1/public/lm/lmmi9.pfb><C:/Program Files (x86)/MiKTeX
 2.8/fonts/type1/public/lm/lmr10.pfb><C:/Program Files (x86)/MiKTeX 2.8/fonts/t
ype1/public/lm/lmr12.pfb><C:/Program Files (x86)/MiKTeX 2.8/fonts/type1/public/
lm/lmr6.pfb><C:/Program Files (x86)/MiKTeX 2.8/fonts/type1/public/lm/lmr8.pfb><
C:/Program Files (x86)/MiKTeX 2.8/fonts/type1/public/lm/lmr9.pfb><C:/Program Fi
les (x86)/MiKTeX 2.8/fonts/type1/public/lm/lmri10.pfb><C:/Program Files (x86)/M
iKTeX 2.8/fonts/type1/public/lm/lmri12.pfb><C:/Program Files (x86)/MiKTeX 2.8/f
onts/type1/public/lm/lmro10.pfb><C:/Program Files (x86)/MiKTeX 2.8/fonts/type1/
public/lm/lmss10.pfb><C:/Program Files (x86)/MiKTeX 2.8/fonts/type1/public/lm/l
msy10.pfb><C:/Program Files (x86)/MiKTeX 2.8/fonts/type1/public/lm/lmsy9.pfb><C
:/Program Files (x86)/MiKTeX 2.8/fonts/type1/public/lm/lmtt10.pfb><C:/Program F
iles (x86)/MiKTeX 2.8/fonts/type1/public/lm/lmtt9.pfb>
Output written on divispe2-thesis-2012.pdf (94 pages, 2262504 bytes).
PDF statistics:
 1793 PDF objects out of 2073 (max. 8388607)
 510 named destinations out of 1000 (max. 500000)
 1086 words of extra memory for PDF output out of 10000 (max. 10000000)

