\BOOKMARK [0][-]{chapter.1}{\376\377\000\332\000v\000o\000d}{}
\BOOKMARK [1][-]{section.1.1}{\376\377\000P\000o\000p\000i\000s\000\040\000s\000t\000r\000u\000k\000t\000u\000r\000y\000\040\000p\000r\000\341\000c\000e}{chapter.1}
\BOOKMARK [0][-]{chapter.2}{\376\377\000P\000o\000p\000i\000s\000\040\001\131\000e\001\141\000e\000n\000\351\000h\000o\000\040\000p\000r\000o\000b\000l\000\351\000m\000u}{}
\BOOKMARK [1][-]{section.2.1}{\376\377\000P\000o\000p\000i\000s\000\040\000p\000r\000o\000b\000l\000\351\000m\000u}{chapter.2}
\BOOKMARK [1][-]{section.2.2}{\376\377\000V\000y\000m\000e\000z\000e\000n\000\355\000\040\000c\000\355\000l\001\157\000\040\000p\000r\000\341\000c\000e}{chapter.2}
\BOOKMARK [0][-]{chapter.3}{\376\377\000R\000e\001\141\000e\000r\001\141\000e}{}
\BOOKMARK [1][-]{section.3.1}{\376\377\000V\000y\000m\000e\000z\000e\000n\000\355\000\040\000p\000o\000j\000m\001\157}{chapter.3}
\BOOKMARK [1][-]{section.3.2}{\376\377\000R\000e\001\141\000e\000r\001\141\000n\000\355\000\040\000z\000p\000r\000a\000c\000o\000v\000\341\000n\000\355\000\040\000v\000h\000o\000d\000n\000\375\000c\000h\000\040\000i\000m\000p\000l\000e\000m\000e\000n\000t\000a\001\015\000n\000\355\000c\000h\000\040\000p\000r\000o\000s\000t\001\131\000e\000d\000\355}{chapter.3}
\BOOKMARK [2][-]{subsection.3.2.1}{\376\377\000J\000a\000z\000y\000k\000\040\000P\000H\000P\000\040\000a\000\040\000j\000e\000h\000o\000\040\000f\000r\000a\000m\000e\000w\000o\000r\000k\000y}{section.3.2}
\BOOKMARK [2][-]{subsection.3.2.2}{\376\377\000P\000l\000a\000t\000f\000o\000r\000m\000a\000\040\000M\000i\000c\000r\000o\000s\000o\000f\000t\000\040\000.\000N\000E\000T}{section.3.2}
\BOOKMARK [2][-]{subsection.3.2.3}{\376\377\000P\000l\000a\000t\000f\000o\000r\000m\000a\000\040\000J\000a\000v\000a\000\040\000E\000E\000\040\000a\000\040\000f\000r\000a\000m\000e\000w\000o\000r\000k\000y}{section.3.2}
\BOOKMARK [2][-]{subsection.3.2.4}{\376\377\000P\000e\000r\000l\000,\000\040\000C\000G\000I}{section.3.2}
\BOOKMARK [2][-]{subsection.3.2.5}{\376\377\000P\000y\000t\000h\000o\000n}{section.3.2}
\BOOKMARK [2][-]{subsection.3.2.6}{\376\377\000R\000u\000b\000y\000\040\000o\000n\000\040\000R\000a\000i\000l\000s}{section.3.2}
\BOOKMARK [1][-]{section.3.3}{\376\377\000R\000e\001\141\000e\000r\001\141\000n\000\355\000\040\000z\000p\000r\000a\000c\000o\000v\000\341\000n\000\355\000\040\000e\000x\000i\000s\000t\000u\000j\000\355\000c\000\355\000c\000h\000\040\000i\000m\000p\000l\000e\000m\000e\000n\000t\000a\000c\000\355}{chapter.3}
\BOOKMARK [2][-]{subsection.3.3.1}{\376\377\000O\000p\000e\000n\000-\000s\000o\000u\000r\000c\000e\000\040\001\131\000e\001\141\000e\000n\000\355}{section.3.3}
\BOOKMARK [3][-]{subsubsection.3.3.1.1}{\376\377\000N\000o\000p\000C\000o\000m\000m\000e\000r\000c\000e}{subsection.3.3.1}
\BOOKMARK [3][-]{subsubsection.3.3.1.2}{\376\377\000o\000s\000C\000o\000m\000m\000e\000r\000c\000e}{subsection.3.3.1}
\BOOKMARK [3][-]{subsubsection.3.3.1.3}{\376\377\000Q\000u\000i\000c\000k\000\040\000c\000a\000r\000t}{subsection.3.3.1}
\BOOKMARK [3][-]{subsubsection.3.3.1.4}{\376\377\000Z\000e\000n\000.\000c\000a\000r\000t}{subsection.3.3.1}
\BOOKMARK [3][-]{subsubsection.3.3.1.5}{\376\377\000O\000p\000e\000n\000\040\000c\000a\000r\000t}{subsection.3.3.1}
\BOOKMARK [2][-]{subsection.3.3.2}{\376\377\000K\000o\000m\000e\000r\001\015\000n\000\355\000\040\001\131\000e\001\141\000e\000n\000\355}{section.3.3}
\BOOKMARK [3][-]{subsubsection.3.3.2.1}{\376\377\000C\000u\000b\000e\000C\000a\000r\000t}{subsection.3.3.2}
\BOOKMARK [2][-]{subsection.3.3.3}{\376\377\000S\000h\000o\000p\000C\000e\000n\000t\000r\000i\000k}{section.3.3}
\BOOKMARK [2][-]{subsection.3.3.4}{\376\377\000S\000h\000o\000p\000i\000o}{section.3.3}
\BOOKMARK [2][-]{subsection.3.3.5}{\376\377\000o\000X\000y\000S\000h\000o\000p}{section.3.3}
\BOOKMARK [2][-]{subsection.3.3.6}{\376\377\000Z\000o\000n\000e\000r\000\040\000i\000n\000S\000h\000o\000p\0004}{section.3.3}
\BOOKMARK [0][-]{chapter.4}{\376\377\000A\000n\000a\000l\000\375\000z\000a\000\040\000a\000\040\000n\000\341\000v\000r\000h\000\040\001\131\000e\001\141\000e\000n\000\355}{}
\BOOKMARK [1][-]{section.4.1}{\376\377\000P\000o\001\176\000a\000d\000a\000v\000k\000y\000\040\000u\001\176\000i\000v\000a\000t\000e\000l\001\157}{chapter.4}
\BOOKMARK [2][-]{subsection.4.1.1}{\376\377\000P\000o\001\176\000a\000d\000a\000v\000k\000y\000\040\000o\000b\000c\000h\000o\000d\000n\000\355\000k\001\157}{section.4.1}
\BOOKMARK [2][-]{subsection.4.1.2}{\376\377\000P\000o\001\176\000a\000d\000a\000v\000k\000y\000\040\000z\000\341\000k\000a\000z\000n\000\355\000k\000a}{section.4.1}
\BOOKMARK [1][-]{section.4.2}{\376\377\000P\000o\001\176\000a\000d\000a\000v\000k\000y\000\040\000n\000a\000\040\000h\000a\000r\000d\000w\000a\000r\000e}{chapter.4}
\BOOKMARK [2][-]{subsection.4.2.1}{\376\377\000P\000o\001\176\000a\000d\000a\000v\000k\000y\000\040\000n\000a\000\040\000h\000o\000s\000t\000i\000n\000g\000\040\000/\000\040\000v\000l\000a\000s\000t\000n\000\355\000\040\000s\000e\000r\000v\000e\000r}{section.4.2}
\BOOKMARK [1][-]{section.4.3}{\376\377\000Z\000\341\000k\000l\000a\000d\000n\000\355\000\040\000f\000u\000n\000k\000c\000e}{chapter.4}
\BOOKMARK [1][-]{section.4.4}{\376\377\000P\000o\001\176\000a\000d\000a\000v\000k\000y\000\040\000z\000\040\000p\000o\000h\000l\000e\000d\000u\000\040\000r\000o\000z\001\141\000i\001\131\000i\000t\000e\000l\000n\000o\000s\000t\000i}{chapter.4}
\BOOKMARK [1][-]{section.4.5}{\376\377\000U\000s\000e\000\040\000C\000a\000s\000e\000s\000\040\000a\000\040\000S\000c\000\351\000n\000\341\001\131\000e}{chapter.4}
\BOOKMARK [2][-]{subsection.4.5.1}{\376\377\000S\000c\000\351\000n\000\341\001\131\000\040\0001\000\040\000-\000\040\000P\000r\000o\000h\000l\000\355\001\176\000e\000n\000\355\000\040\000z\000b\000o\001\176\000\355\000\040\000v\000\040\000o\000b\000c\000h\000o\000d\000u}{section.4.5}
\BOOKMARK [2][-]{subsection.4.5.2}{\376\377\000S\000c\000\351\000n\000\341\001\131\000\040\0002\000\040\000-\000\040\000R\000e\000g\000i\000s\000t\000r\000a\000c\000e\000\040\000z\000\341\000k\000a\000z\000n\000\355\000k\000a}{section.4.5}
\BOOKMARK [2][-]{subsection.4.5.3}{\376\377\000S\000c\000\351\000n\000\341\001\131\000\040\0003\000\040\000-\000\040\000N\000\341\000k\000u\000p\000\040\000z\000b\000o\001\176\000\355}{section.4.5}
\BOOKMARK [2][-]{subsection.4.5.4}{\376\377\000S\000c\000\351\000n\000\341\001\131\000\040\0004\000\040\000-\000\040\000P\001\131\000i\000h\000l\000\341\001\141\000e\000n\000\355\000\040\000o\000b\000c\000h\000o\000d\000n\000\355\000k\000a}{section.4.5}
\BOOKMARK [2][-]{subsection.4.5.5}{\376\377\000S\000c\000\351\000n\000\341\001\131\000\040\0005\000\040\000-\000\040\000V\000l\000o\001\176\000e\000n\000\355\000\040\000k\000a\000t\000e\000g\000o\000r\000i\000e}{section.4.5}
\BOOKMARK [2][-]{subsection.4.5.6}{\376\377\000S\000c\000\351\000n\000\341\001\131\000\040\0006\000\040\000-\000\040\000V\000l\000o\001\176\000e\000n\000\355\000\040\000z\000b\000o\001\176\000\355}{section.4.5}
\BOOKMARK [1][-]{section.4.6}{\376\377\000D\000a\000t\000o\000v\000\375\000\040\000m\000o\000d\000e\000l}{chapter.4}
\BOOKMARK [1][-]{section.4.7}{\376\377\000N\000\341\000v\000r\000h\000o\000v\000\351\000\040\000v\000z\000o\000r\000y}{chapter.4}
\BOOKMARK [2][-]{subsection.4.7.1}{\376\377\000F\000a\000c\000t\000o\000r\000y\000\040\000m\000e\000t\000h\000o\000d}{section.4.7}
\BOOKMARK [2][-]{subsection.4.7.2}{\376\377\000P\000l\000u\000g\000i\000n}{section.4.7}
\BOOKMARK [2][-]{subsection.4.7.3}{\376\377\000U\000n\000i\000t\000\040\000o\000f\000\040\000W\000o\000r\000k}{section.4.7}
\BOOKMARK [2][-]{subsection.4.7.4}{\376\377\000R\000e\000p\000o\000s\000i\000t\000o\000r\000y}{section.4.7}
\BOOKMARK [2][-]{subsection.4.7.5}{\376\377\000I\000n\000v\000e\000r\000s\000i\000o\000n\000\040\000o\000f\000\040\000C\000o\000n\000t\000r\000o\000l}{section.4.7}
\BOOKMARK [3][-]{subsubsection.4.7.5.1}{\376\377\000D\000e\000p\000e\000n\000d\000e\000n\000c\000y\000\040\000I\000n\000j\000e\000c\000t\000i\000o\000n}{subsection.4.7.5}
\BOOKMARK [3][-]{subsubsection.4.7.5.2}{\376\377\000S\000e\000r\000v\000i\000c\000e\000\040\000L\000o\000c\000a\000t\000o\000r}{subsection.4.7.5}
\BOOKMARK [1][-]{section.4.8}{\376\377\000A\000r\000c\000h\000i\000t\000e\000k\000t\000u\000r\000a}{chapter.4}
\BOOKMARK [2][-]{subsection.4.8.1}{\376\377\000M\000o\000d\000e\000l\000\040\000V\000i\000e\000w\000\040\000C\000o\000n\000t\000r\000o\000l\000l\000e\000r\000\040\000\050\000M\000V\000C\000\051}{section.4.8}
\BOOKMARK [2][-]{subsection.4.8.2}{\376\377\000M\000o\000d\000u\000l\000a\000r\000i\000t\000a\000\040\000v\000\040\000M\000o\000d\000e\000l\000\040\000V\000i\000e\000w\000\040\000C\000o\000n\000t\000r\000o\000l\000l\000e\000r}{section.4.8}
\BOOKMARK [1][-]{section.4.9}{\376\377\000I\000m\000p\000l\000e\000m\000e\000n\000t\000a\001\015\000n\000\355\000\040\000p\000r\000o\000s\000t\001\131\000e\000d\000\355}{chapter.4}
\BOOKMARK [2][-]{subsection.4.9.1}{\376\377\000R\000o\000z\001\141\000i\001\131\000u\000j\000\355\000c\000\355\000\040\000k\000n\000i\000h\000o\000v\000n\000y\000\040\000p\000r\000o\000\040\000p\000l\000a\000t\000f\000o\000r\000m\000u\000\040\000.\000N\000E\000T}{section.4.9}
\BOOKMARK [3][-]{subsubsection.4.9.1.1}{\376\377\000A\000S\000P\000.\000N\000E\000T\000\040\000M\000V\000C\000\040\0003}{subsection.4.9.1}
\BOOKMARK [3][-]{subsubsection.4.9.1.2}{\376\377\000E\000n\000t\000i\000t\000y\000\040\000F\000r\000a\000m\000e\000w\000o\000r\000k\000\040\000-\000\040\000C\000o\000d\000e\000\040\000F\000i\000r\000s\000t}{subsection.4.9.1}
\BOOKMARK [3][-]{subsubsection.4.9.1.3}{\376\377\000S\000Q\000L\000\040\000C\000o\000m\000p\000a\000c\000t\000\040\000E\000d\000i\000t\000i\000o\000n}{subsection.4.9.1}
\BOOKMARK [3][-]{subsubsection.4.9.1.4}{\376\377\000C\000a\000s\000t\000l\000e\000\040\000W\000i\000n\000d\000s\000o\000r}{subsection.4.9.1}
\BOOKMARK [2][-]{subsection.4.9.2}{\376\377\000P\000a\000g\000e\000d\000\040\000L\000i\000s\000t}{section.4.9}
\BOOKMARK [3][-]{subsubsection.4.9.2.1}{\376\377\000G\000l\000i\000m\000p\000s\000e}{subsection.4.9.2}
\BOOKMARK [2][-]{subsection.4.9.3}{\376\377\000O\000s\000t\000a\000t\000n\000\355\000\040\000p\000o\000u\001\176\000i\000t\000\351\000\040\000t\000e\000c\000h\000n\000o\000l\000o\000g\000i\000e}{section.4.9}
\BOOKMARK [0][-]{chapter.5}{\376\377\000R\000e\000a\000l\000i\000z\000a\000c\000e}{}
\BOOKMARK [1][-]{section.5.1}{\376\377\000K\000o\000m\000p\000o\000n\000e\000n\000t\000y\000\040\000a\000p\000l\000i\000k\000a\000c\000e}{chapter.5}
\BOOKMARK [1][-]{section.5.2}{\376\377\000P\000o\000u\001\176\000i\000t\000\351\000\040\001\015\000\341\000s\000t\000i\000\040\000A\000S\000P\000.\000N\000E\000T\000\040\000M\000V\000C\000\040\0003}{chapter.5}
\BOOKMARK [2][-]{subsection.5.2.1}{\376\377\000G\000l\000o\000b\000a\000l\000.\000a\000s\000a\000x}{section.5.2}
\BOOKMARK [2][-]{subsection.5.2.2}{\376\377\000C\000o\000n\000t\000r\000o\000l\000l\000e\000r}{section.5.2}
\BOOKMARK [2][-]{subsection.5.2.3}{\376\377\000V\000i\000e\000w}{section.5.2}
\BOOKMARK [2][-]{subsection.5.2.4}{\376\377\000M\000o\000d\000e\000l}{section.5.2}
\BOOKMARK [2][-]{subsection.5.2.5}{\376\377\000R\000o\000u\000t\000o\000v\000\341\000n\000\355}{section.5.2}
\BOOKMARK [2][-]{subsection.5.2.6}{\376\377\000A\000r\000e\000a\000s}{section.5.2}
\BOOKMARK [2][-]{subsection.5.2.7}{\376\377\000F\000i\000l\000t\000r\000y}{section.5.2}
\BOOKMARK [2][-]{subsection.5.2.8}{\376\377\000V\000a\000l\000i\000d\000a\000c\000e\000\040\000d\000a\000t}{section.5.2}
\BOOKMARK [2][-]{subsection.5.2.9}{\376\377\000A\000t\000r\000i\000b\000u\000t\000y}{section.5.2}
\BOOKMARK [2][-]{subsection.5.2.10}{\376\377\000A\000u\000t\000o\000r\000i\000z\000a\000c\000e}{section.5.2}
\BOOKMARK [2][-]{subsection.5.2.11}{\376\377\000A\000u\000t\000e\000n\000t\000i\000z\000a\000c\000e}{section.5.2}
\BOOKMARK [1][-]{section.5.3}{\376\377\000R\000o\000z\001\141\000i\001\131\000u\000j\000\355\000c\000\355\000\040\000\372\000p\000r\000a\000v\000y\000\040\000j\000\341\000d\000r\000a}{chapter.5}
\BOOKMARK [2][-]{subsection.5.3.1}{\376\377\000P\000r\000o\000p\000o\000j\000e\000n\000\355\000\040\000m\000o\000d\000e\000l\001\157\000\040\000s\000\040\000d\000a\000t\000a\000b\000\341\000z\000\355}{section.5.3}
\BOOKMARK [2][-]{subsection.5.3.2}{\376\377\000L\000o\000k\000a\000l\000i\000z\000a\000c\000e}{section.5.3}
\BOOKMARK [2][-]{subsection.5.3.3}{\376\377\000F\000r\000o\000n\000t\000e\000n\000d}{section.5.3}
\BOOKMARK [2][-]{subsection.5.3.4}{\376\377\000B\000a\000c\000k\000e\000n\000d\000\040\040\023\000\040\000a\000d\000m\000i\000n\000i\000s\000t\000r\000a\000c\000e}{section.5.3}
\BOOKMARK [2][-]{subsection.5.3.5}{\376\377\000U\001\176\000i\000v\000a\000t\000e\000l\000\351}{section.5.3}
\BOOKMARK [2][-]{subsection.5.3.6}{\376\377\000A\000t\000r\000i\000b\000u\000t\000y}{section.5.3}
\BOOKMARK [1][-]{section.5.4}{\376\377\000M\000o\000d\000u\000l\000y}{chapter.5}
\BOOKMARK [2][-]{subsection.5.4.1}{\376\377\000S\000t\000a\000r\000t\000\040\000a\000p\000l\000i\000k\000a\000c\000e}{section.5.4}
\BOOKMARK [2][-]{subsection.5.4.2}{\376\377\001\175\000i\000v\000o\000t\000n\000\355\000\040\000c\000y\000k\000l\000u\000s\000\040\000a\000p\000l\000i\000k\000a\000c\000e}{section.5.4}
\BOOKMARK [2][-]{subsection.5.4.3}{\376\377\000S\000t\000r\000u\000k\000t\000u\000r\000a\000\040\000m\000o\000d\000u\000l\000u}{section.5.4}
\BOOKMARK [2][-]{subsection.5.4.4}{\376\377\000P\001\131\000i\000p\000o\000j\000e\000n\000\355\000\040\000m\000o\000d\000u\000l\001\157}{section.5.4}
\BOOKMARK [2][-]{subsection.5.4.5}{\376\377\000B\000o\000d\000y\000\040\000r\000o\000z\001\141\000\355\001\131\000e\000n\000\355}{section.5.4}
\BOOKMARK [3][-]{subsubsection.5.4.5.1}{\376\377\000R\000o\000u\000t\000y}{subsection.5.4.5}
\BOOKMARK [3][-]{subsubsection.5.4.5.2}{\376\377\000P\000o\000h\000l\000e\000d\000y}{subsection.5.4.5}
\BOOKMARK [3][-]{subsubsection.5.4.5.3}{\376\377\000F\000o\000r\000m\000u\000l\000\341\001\131\000e}{subsection.5.4.5}
\BOOKMARK [3][-]{subsubsection.5.4.5.4}{\376\377\000C\000o\000n\000t\000r\000o\000l\000l\000e\000r\000y}{subsection.5.4.5}
\BOOKMARK [3][-]{subsubsection.5.4.5.5}{\376\377\000M\000e\000n\000u}{subsection.5.4.5}
\BOOKMARK [3][-]{subsubsection.5.4.5.6}{\376\377\000S\000l\000u\001\176\000b\000y}{subsection.5.4.5}
\BOOKMARK [3][-]{subsubsection.5.4.5.7}{\376\377\000W\000i\000d\000g\000e\000t\000y}{subsection.5.4.5}
\BOOKMARK [3][-]{subsubsection.5.4.5.8}{\376\377\000E\000n\000t\000i\000t\000y}{subsection.5.4.5}
\BOOKMARK [3][-]{subsubsection.5.4.5.9}{\376\377\000F\000r\000o\000n\000t\000e\000n\000d}{subsection.5.4.5}
\BOOKMARK [3][-]{subsubsection.5.4.5.10}{\376\377\000B\000a\000c\000k\000e\000n\000d\000\040\040\023\000\040\000a\000d\000m\000i\000n\000i\000s\000t\000r\000a\000c\000e}{subsection.5.4.5}
\BOOKMARK [2][-]{subsection.5.4.6}{\376\377\000C\000o\000\040\000m\000o\000d\000u\000l\000y\000\040\000n\000e\000z\000a\000j\000i\000s\000t\000\355}{section.5.4}
\BOOKMARK [1][-]{section.5.5}{\376\377\000p\000s\000a\000n\000\355\000\040\000v\000l\000a\000s\000t\000n\000\355\000h\000o\000\040\000m\000o\000d\000u\000l\000u}{chapter.5}
\BOOKMARK [1][-]{section.5.6}{\376\377\000S\000p\000u\001\141\000t\001\033\000n\000\355\000\040\000a\000p\000l\000i\000k\000a\000c\000e}{chapter.5}
\BOOKMARK [1][-]{section.5.7}{\376\377\000I\000n\000s\000t\000a\000l\000a\000c\000e\000\040\000m\000o\000d\000u\000l\000u}{chapter.5}
\BOOKMARK [1][-]{section.5.8}{\376\377\000D\000e\000i\000n\000s\000t\000a\000l\000a\000c\000e\000\040\000m\000o\000d\000u\000l\000u}{chapter.5}
\BOOKMARK [0][-]{chapter.6}{\376\377\000T\000e\000s\000t\000o\000v\000\341\000n\000\355}{}
\BOOKMARK [0][-]{chapter.7}{\376\377\000Z\000\341\000v\001\033\000r}{}
\BOOKMARK [1][-]{section.7.1}{\376\377\000Z\000h\000o\000d\000n\000o\000c\000e\000n\000\355}{chapter.7}
\BOOKMARK [1][-]{section.7.2}{\376\377\000R\000o\000z\001\141\000\355\001\131\000e\000n\000\355}{chapter.7}
\BOOKMARK [0][-]{appendix.A}{\376\377\000T\000e\000s\000t\000o\000v\000\341\000n\000\355\000\040\000z\000a\000p\000l\000n\001\033\000n\000\355\000\040\000s\000t\000r\000\341\000n\000k\000y\000\040\000a\000\040\000o\000d\000s\000a\000z\000e\000n\000\355\000\040\000o\000d\000s\000t\000a\000v\000c\001\157}{}
\BOOKMARK [0][-]{appendix.B}{\376\377\000P\000o\000k\000y\000n\000y\000\040\000a\000\040\000n\000\341\000v\000o\000d\000y\000\040\000k\000\040\000f\000o\000r\000m\000\341\000t\000o\000v\000\341\000n\000\355\000\040\000t\000e\000x\000t\000u\000\040\000p\000r\000\341\000c\000e}{}
\BOOKMARK [1][-]{section.B.1}{\376\377\000V\000k\000l\000\341\000d\000\341\000n\000\355\000\040\000o\000b\000r\000\341\000z\000k\001\157}{appendix.B}
\BOOKMARK [1][-]{section.B.2}{\376\377\000K\000r\000e\000s\000l\000e\000n\000\355\000\040\000o\000b\000r\000\341\000z\000k\001\157}{appendix.B}
\BOOKMARK [1][-]{section.B.3}{\376\377\000T\000a\000b\000u\000l\000k\000y}{appendix.B}
\BOOKMARK [1][-]{section.B.4}{\376\377\000O\000d\000k\000a\000z\000y\000\040\000v\000\040\000t\000e\000x\000t\000u}{appendix.B}
\BOOKMARK [2][-]{subsection.B.4.1}{\376\377\000O\000d\000k\000a\000z\000y\000\040\000n\000a\000\040\000l\000i\000t\000e\000r\000a\000t\000u\000r\000u}{section.B.4}
\BOOKMARK [2][-]{subsection.B.4.2}{\376\377\000O\000d\000k\000a\000z\000y\000\040\000n\000a\000\040\000o\000b\000r\000\341\000z\000k\000y\000,\000\040\000t\000a\000b\000u\000l\000k\000y\000\040\000a\000\040\000k\000a\000p\000i\000t\000o\000l\000y}{section.B.4}
\BOOKMARK [1][-]{section.B.5}{\376\377\000R\000o\000v\000n\000i\000c\000e\000,\000\040\000c\000e\000n\000t\000r\000o\000v\000a\000n\000\341\000,\000\040\001\015\000\355\000s\000l\000o\000v\000a\000n\000\341\000\040\000m\000a\000t\000e\000m\000a\000t\000i\000k\000a}{appendix.B}
\BOOKMARK [1][-]{section.B.6}{\376\377\000K\000\363\000d\000y\000\040\000p\000r\000o\000g\000r\000a\000m\000u}{appendix.B}
\BOOKMARK [1][-]{section.B.7}{\376\377\000D\000a\000l\001\141\000\355\000\040\000p\000o\000z\000n\000\341\000m\000k\000y}{appendix.B}
\BOOKMARK [2][-]{subsection.B.7.1}{\376\377\001\014\000e\000s\000k\000\351\000\040\000u\000v\000o\000z\000o\000v\000k\000y}{section.B.7}
\BOOKMARK [0][-]{appendix.C}{\376\377\000S\000e\000z\000n\000a\000m\000\040\000p\000o\000u\001\176\000i\000t\000\375\000c\000h\000\040\000z\000k\000r\000a\000t\000e\000k}{}
\BOOKMARK [0][-]{appendix.D}{\376\377\000U\000M\000L\000\040\000d\000i\000a\000g\000r\000a\000m\000y}{}
\BOOKMARK [0][-]{appendix.E}{\376\377\000I\000n\000s\000t\000a\000l\000a\001\015\000n\000\355\000\040\000a\000\040\000u\001\176\000i\000v\000a\000t\000e\000l\000s\000k\000\341\000\040\000p\001\131\000\355\000r\000u\001\015\000k\000a}{}
\BOOKMARK [0][-]{appendix.F}{\376\377\000O\000b\000s\000a\000h\000\040\000p\001\131\000i\000l\000o\001\176\000e\000n\000\351\000h\000o\000\040\000C\000D}{}
